<?xml version="1.0" encoding="UTF-8" standalone="yes"?>
<ns2:test-suite start="1519583088343" stop="1519583129795" version="1.5.0" xmlns:ns2="urn:model.allure.qatools.yandex.ru">
    <name>Яндекс Маркет Таск 1</name>
    <description type="text"></description>
    <test-cases>
        <test-case start="1519583088356" stop="1519583129792" status="broken">
            <name>Яндекс Маркет Заполнение формы</name>
            <title>Яндекс Маркет Заполнение формы</title>
            <description type="text"></description>
            <failure>
                <message>TimeoutException: Expected condition failed: waiting for element to be clickable: By.xpath: /html/body/div[1]/div[2]/noindex/ul/li[1]/a (tried for 30 second(s) with 500 MILLISECONDS interval)</message>
                <stack-trace>org.openqa.selenium.TimeoutException: Expected condition failed: waiting for element to be clickable: By.xpath: /html/body/div[1]/div[2]/noindex/ul/li[1]/a (tried for 30 second(s) with 500 MILLISECONDS interval)
	at org.openqa.selenium.support.ui.WebDriverWait.timeoutException(WebDriverWait.java:80)
	at org.openqa.selenium.support.ui.FluentWait.until(FluentWait.java:232)
	at pages.Page.lambda$new$1(Page.java:40)
	at pages.Page.clickOn(Page.java:30)
	at steps.StepsDefinition.clickApply(StepsDefinition.java:36)
	at ✽.И нажать на "Электроника"(task.feature:7)
Caused by: org.openqa.selenium.NoSuchElementException: Cannot locate an element using By.xpath: /html/body/div[1]/div[2]/noindex/ul/li[1]/a
For documentation on this error, please visit: http://seleniumhq.org/exceptions/no_such_element.html
Build info: version: '3.4.0', revision: 'unknown', time: 'unknown'
System info: host: 'IVAN_PC', ip: '192.168.56.1', os.name: 'Windows 7', os.arch: 'amd64', os.version: '6.1', java.version: '1.8.0_161'
Driver info: driver.version: unknown
	at org.openqa.selenium.support.ui.ExpectedConditions.lambda$findElement$0(ExpectedConditions.java:883)
	at java.util.Optional.orElseThrow(Optional.java:290)
	at org.openqa.selenium.support.ui.ExpectedConditions.findElement(ExpectedConditions.java:882)
	at org.openqa.selenium.support.ui.ExpectedConditions.access$000(ExpectedConditions.java:44)
	at org.openqa.selenium.support.ui.ExpectedConditions$7.apply(ExpectedConditions.java:206)
	at org.openqa.selenium.support.ui.ExpectedConditions$7.apply(ExpectedConditions.java:202)
	at org.openqa.selenium.support.ui.ExpectedConditions$22.apply(ExpectedConditions.java:644)
	at org.openqa.selenium.support.ui.ExpectedConditions$22.apply(ExpectedConditions.java:641)
	at org.openqa.selenium.support.ui.FluentWait.until(FluentWait.java:209)
	at pages.Page.lambda$new$1(Page.java:40)
	at pages.Page.clickOn(Page.java:30)
	at steps.StepsDefinition.clickApply(StepsDefinition.java:36)
	at sun.reflect.NativeMethodAccessorImpl.invoke0(Native Method)
	at sun.reflect.NativeMethodAccessorImpl.invoke(NativeMethodAccessorImpl.java:62)
	at sun.reflect.DelegatingMethodAccessorImpl.invoke(DelegatingMethodAccessorImpl.java:43)
	at java.lang.reflect.Method.invoke(Method.java:498)
	at cucumber.runtime.Utils$1.call(Utils.java:37)
	at cucumber.runtime.Timeout.timeout(Timeout.java:13)
	at cucumber.runtime.Utils.invoke(Utils.java:31)
	at cucumber.runtime.java.JavaStepDefinition.execute(JavaStepDefinition.java:38)
	at cucumber.runtime.StepDefinitionMatch.runStep(StepDefinitionMatch.java:37)
	at cucumber.runtime.Runtime.runStep(Runtime.java:299)
	at cucumber.runtime.model.StepContainer.runStep(StepContainer.java:44)
	at cucumber.runtime.model.StepContainer.runSteps(StepContainer.java:39)
	at cucumber.runtime.model.CucumberScenario.run(CucumberScenario.java:44)
	at cucumber.runtime.junit.ExecutionUnitRunner.run(ExecutionUnitRunner.java:91)
	at cucumber.runtime.junit.FeatureRunner.runChild(FeatureRunner.java:63)
	at cucumber.runtime.junit.FeatureRunner.runChild(FeatureRunner.java:18)
	at org.junit.runners.ParentRunner$3.run(ParentRunner.java:290)
	at org.junit.runners.ParentRunner$1.schedule(ParentRunner.java:71)
	at org.junit.runners.ParentRunner.runChildren(ParentRunner.java:288)
	at org.junit.runners.ParentRunner.access$000(ParentRunner.java:58)
	at org.junit.runners.ParentRunner$2.evaluate(ParentRunner.java:268)
	at org.junit.runners.ParentRunner.run(ParentRunner.java:363)
	at cucumber.runtime.junit.FeatureRunner.run(FeatureRunner.java:70)
	at cucumber.api.junit.Cucumber.runChild(Cucumber.java:93)
	at cucumber.api.junit.Cucumber.runChild(Cucumber.java:37)
	at org.junit.runners.ParentRunner$3.run(ParentRunner.java:290)
	at org.junit.runners.ParentRunner$1.schedule(ParentRunner.java:71)
	at org.junit.runners.ParentRunner.runChildren(ParentRunner.java:288)
	at org.junit.runners.ParentRunner.access$000(ParentRunner.java:58)
	at org.junit.runners.ParentRunner$2.evaluate(ParentRunner.java:268)
	at org.junit.internal.runners.statements.RunBefores.evaluate(RunBefores.java:26)
	at org.junit.internal.runners.statements.RunAfters.evaluate(RunAfters.java:27)
	at org.junit.runners.ParentRunner.run(ParentRunner.java:363)
	at cucumber.api.junit.Cucumber.run(Cucumber.java:98)
	at org.junit.runner.JUnitCore.run(JUnitCore.java:137)
	at com.intellij.junit4.JUnit4IdeaTestRunner.startRunnerWithArgs(JUnit4IdeaTestRunner.java:68)
	at com.intellij.rt.execution.junit.IdeaTestRunner$Repeater.startRunnerWithArgs(IdeaTestRunner.java:47)
	at com.intellij.rt.execution.junit.JUnitStarter.prepareStreamsAndStart(JUnitStarter.java:242)
	at com.intellij.rt.execution.junit.JUnitStarter.main(JUnitStarter.java:70)
</stack-trace>
            </failure>
            <steps>
                <step start="1519583088365" stop="1519583092110" status="passed">
                    <name>Дано открыта страница "https://yandex.ru/"</name>
                    <title>Дано открыта страница "https://yandex.ru/"</title>
                </step>
                <step start="1519583092111" stop="1519583099375" status="passed">
                    <name>Тогда нажать на "Маркет"</name>
                    <title>Тогда нажать на "Маркет"</title>
                </step>
                <step start="1519583099375" stop="1519583129760" status="broken">
                    <name>И нажать на "Электроника"</name>
                    <title>И нажать на "Электроника"</title>
                </step>
                <step start="1519583129760" stop="1519583129764" status="canceled">
                    <name>И нажать на "Телевизоры"</name>
                    <title>И нажать на "Телевизоры"</title>
                </step>
                <step start="1519583129764" stop="1519583129765" status="canceled">
                    <name>Если заполнить в секции "Цена" поле:</name>
                    <title>Если заполнить в секции "Цена" поле:</title>
                </step>
                <step start="1519583129767" stop="1519583129767" status="canceled">
                    <name>И выбрать в секции "Производитель" чек-боксы:</name>
                    <title>И выбрать в секции "Производитель" чек-боксы:</title>
                </step>
                <step start="1519583129768" stop="1519583129768" status="canceled">
                    <name>И нажать на "Применить"</name>
                    <title>И нажать на "Применить"</title>
                </step>
                <step start="1519583129768" stop="1519583129770" status="canceled">
                    <name>Тогда проверить что элементов на странице "12"</name>
                    <title>Тогда проверить что элементов на странице "12"</title>
                </step>
                <step start="1519583129770" stop="1519583129787" status="canceled">
                    <name>Если у первого элемента в списке запомнить "МОДЕЛЬ"</name>
                    <title>Если у первого элемента в списке запомнить "МОДЕЛЬ"</title>
                </step>
                <step start="1519583129789" stop="1519583129790" status="canceled">
                    <name>Тогда заполнить в секции "Поиск" поле:</name>
                    <title>Тогда заполнить в секции "Поиск" поле:</title>
                </step>
                <step start="1519583129790" stop="1519583129790" status="canceled">
                    <name>И нажать на "Найти"</name>
                    <title>И нажать на "Найти"</title>
                </step>
                <step start="1519583129790" stop="1519583129791" status="canceled">
                    <name>И проверить что список содержит "МОДЕЛЬ"</name>
                    <title>И проверить что список содержит "МОДЕЛЬ"</title>
                </step>
            </steps>
            <attachments/>
            <labels>
                <label name="story" value="Яндекс Маркет Заполнение формы"/>
                <label name="feature" value="Яндекс Маркет Таск 1"/>
                <label name="host" value="Ivan_PC"/>
                <label name="thread" value="1128@Ivan_PC.main(1)"/>
                <label name="framework" value="CucumberJVM"/>
            </labels>
        </test-case>
    </test-cases>
    <labels>
        <label name="feature" value="Яндекс Маркет Таск 1"/>
        <label name="language" value="JAVA"/>
    </labels>
</ns2:test-suite>
