<?xml version="1.0" encoding="UTF-8" standalone="yes"?>
<ns2:test-suite start="1519580070274" stop="1519580114050" version="1.5.0" xmlns:ns2="urn:model.allure.qatools.yandex.ru">
    <name>Яндекс Маркет Таск 1</name>
    <description type="text"></description>
    <test-cases>
        <test-case start="1519580070439" stop="1519580114049" status="broken">
            <name>Яндекс Маркет Заполнение формы</name>
            <title>Яндекс Маркет Заполнение формы</title>
            <description type="text"></description>
            <failure>
                <message>WebDriverException: chrome not reachable
  (Session info: chrome=64.0.3282.167)
  (Driver info: chromedriver=2.35.528161 (5b82f2d2aae0ca24b877009200ced9065a772e73),platform=Windows NT 6.1.7601 SP1 x86_64) (WARNING: The server did not provide any stacktrace information)
Command duration or timeout: 4.04 seconds
Build info: version: '3.4.0', revision: 'unknown', time: 'unknown'
System info: host: 'IVAN_PC', ip: '192.168.56.1', os.name: 'Windows 7', os.arch: 'amd64', os.version: '6.1', java.version: '1.8.0_161'
Driver info: org.openqa.selenium.chrome.ChromeDriver
Capabilities [{applicationCacheEnabled=false, rotatable=false, mobileEmulationEnabled=false, networkConnectionEnabled=false, chrome={chromedriverVersion=2.35.528161 (5b82f2d2aae0ca24b877009200ced9065a772e73), userDataDir=C:\Users\L&amp;VINC~1\AppData\Local\Temp\scoped_dir5256_23686}, takesHeapSnapshot=true, pageLoadStrategy=normal, databaseEnabled=false, handlesAlerts=true, hasTouchScreen=false, version=64.0.3282.167, platform=XP, browserConnectionEnabled=false, nativeEvents=true, acceptSslCerts=false, acceptInsecureCerts=false, locationContextEnabled=true, webStorageEnabled=true, browserName=chrome, takesScreenshot=true, javascriptEnabled=true, cssSelectorsEnabled=true, setWindowRect=true, unexpectedAlertBehaviour=}]
Session ID: 36f1d81d9599c44fc65c35dd895a0669
*** Element info: {Using=xpath, value=//a[@class='n-navigation-horizontal-category__link link i-bem b-zone b-spy-events'][contains(text(),'Электроника')]}</message>
                <stack-trace>org.openqa.selenium.WebDriverException: chrome not reachable
  (Session info: chrome=64.0.3282.167)
  (Driver info: chromedriver=2.35.528161 (5b82f2d2aae0ca24b877009200ced9065a772e73),platform=Windows NT 6.1.7601 SP1 x86_64) (WARNING: The server did not provide any stacktrace information)
Command duration or timeout: 4.04 seconds
Build info: version: '3.4.0', revision: 'unknown', time: 'unknown'
System info: host: 'IVAN_PC', ip: '192.168.56.1', os.name: 'Windows 7', os.arch: 'amd64', os.version: '6.1', java.version: '1.8.0_161'
Driver info: org.openqa.selenium.chrome.ChromeDriver
Capabilities [{applicationCacheEnabled=false, rotatable=false, mobileEmulationEnabled=false, networkConnectionEnabled=false, chrome={chromedriverVersion=2.35.528161 (5b82f2d2aae0ca24b877009200ced9065a772e73), userDataDir=C:\Users\L&amp;VINC~1\AppData\Local\Temp\scoped_dir5256_23686}, takesHeapSnapshot=true, pageLoadStrategy=normal, databaseEnabled=false, handlesAlerts=true, hasTouchScreen=false, version=64.0.3282.167, platform=XP, browserConnectionEnabled=false, nativeEvents=true, acceptSslCerts=false, acceptInsecureCerts=false, locationContextEnabled=true, webStorageEnabled=true, browserName=chrome, takesScreenshot=true, javascriptEnabled=true, cssSelectorsEnabled=true, setWindowRect=true, unexpectedAlertBehaviour=}]
Session ID: 36f1d81d9599c44fc65c35dd895a0669
*** Element info: {Using=xpath, value=//a[@class='n-navigation-horizontal-category__link link i-bem b-zone b-spy-events'][contains(text(),'Электроника')]}
	at sun.reflect.NativeConstructorAccessorImpl.newInstance0(Native Method)
	at sun.reflect.NativeConstructorAccessorImpl.newInstance(NativeConstructorAccessorImpl.java:62)
	at sun.reflect.DelegatingConstructorAccessorImpl.newInstance(DelegatingConstructorAccessorImpl.java:45)
	at java.lang.reflect.Constructor.newInstance(Constructor.java:423)
	at org.openqa.selenium.remote.ErrorHandler.createThrowable(ErrorHandler.java:215)
	at org.openqa.selenium.remote.ErrorHandler.throwIfResponseFailed(ErrorHandler.java:167)
	at org.openqa.selenium.remote.RemoteWebDriver.execute(RemoteWebDriver.java:671)
	at org.openqa.selenium.remote.RemoteWebDriver.findElements(RemoteWebDriver.java:437)
	at org.openqa.selenium.remote.RemoteWebDriver.findElementsByXPath(RemoteWebDriver.java:513)
	at org.openqa.selenium.By$ByXPath.findElements(By.java:356)
	at org.openqa.selenium.remote.RemoteWebDriver.findElements(RemoteWebDriver.java:398)
	at org.openqa.selenium.support.ui.ExpectedConditions.findElement(ExpectedConditions.java:882)
	at org.openqa.selenium.support.ui.ExpectedConditions.access$000(ExpectedConditions.java:44)
	at org.openqa.selenium.support.ui.ExpectedConditions$7.apply(ExpectedConditions.java:206)
	at org.openqa.selenium.support.ui.ExpectedConditions$7.apply(ExpectedConditions.java:202)
	at org.openqa.selenium.support.ui.ExpectedConditions$22.apply(ExpectedConditions.java:644)
	at org.openqa.selenium.support.ui.ExpectedConditions$22.apply(ExpectedConditions.java:641)
	at org.openqa.selenium.support.ui.FluentWait.until(FluentWait.java:209)
	at pages.Page.lambda$new$0(Page.java:38)
	at pages.Page.clickOn(Page.java:31)
	at steps.StepsDefinition.clickApply(StepsDefinition.java:31)
	at ✽.И нажать на "Электроника"(task.feature:7)
</stack-trace>
            </failure>
            <steps>
                <step start="1519580070444" stop="1519580085329" status="passed">
                    <name>Дано открыта страница "https://yandex.ru/"</name>
                    <title>Дано открыта страница "https://yandex.ru/"</title>
                </step>
                <step start="1519580085330" stop="1519580098876" status="passed">
                    <name>Тогда нажать на "Маркет"</name>
                    <title>Тогда нажать на "Маркет"</title>
                </step>
                <step start="1519580098876" stop="1519580114025" status="broken">
                    <name>И нажать на "Электроника"</name>
                    <title>И нажать на "Электроника"</title>
                </step>
                <step start="1519580114025" stop="1519580114026" status="canceled">
                    <name>И нажать на "Телевизоры"</name>
                    <title>И нажать на "Телевизоры"</title>
                </step>
                <step start="1519580114027" stop="1519580114027" status="canceled">
                    <name>Если заполнить в секции "Цена" поле:</name>
                    <title>Если заполнить в секции "Цена" поле:</title>
                </step>
                <step start="1519580114028" stop="1519580114028" status="canceled">
                    <name>И выбрать в секции "Производитель" чек-боксы:</name>
                    <title>И выбрать в секции "Производитель" чек-боксы:</title>
                </step>
                <step start="1519580114029" stop="1519580114029" status="canceled">
                    <name>И нажать на "Применить"</name>
                    <title>И нажать на "Применить"</title>
                </step>
                <step start="1519580114030" stop="1519580114033" status="canceled">
                    <name>Тогда проверить что элементов на странице "12"</name>
                    <title>Тогда проверить что элементов на странице "12"</title>
                </step>
                <step start="1519580114033" stop="1519580114033" status="canceled">
                    <name>Если у первого элемента в списке запомнить "МОДЕЛЬ"</name>
                    <title>Если у первого элемента в списке запомнить "МОДЕЛЬ"</title>
                </step>
                <step start="1519580114034" stop="1519580114034" status="canceled">
                    <name>Тогда заполнить в секции "Поиск" поле:</name>
                    <title>Тогда заполнить в секции "Поиск" поле:</title>
                </step>
                <step start="1519580114034" stop="1519580114034" status="canceled">
                    <name>И нажать на "Найти"</name>
                    <title>И нажать на "Найти"</title>
                </step>
                <step start="1519580114035" stop="1519580114035" status="canceled">
                    <name>И проверить что список содержит "МОДЕЛЬ"</name>
                    <title>И проверить что список содержит "МОДЕЛЬ"</title>
                </step>
            </steps>
            <attachments/>
            <labels>
                <label name="story" value="Яндекс Маркет Заполнение формы"/>
                <label name="feature" value="Яндекс Маркет Таск 1"/>
                <label name="host" value="Ivan_PC"/>
                <label name="thread" value="5188@Ivan_PC.main(1)"/>
                <label name="framework" value="CucumberJVM"/>
            </labels>
        </test-case>
    </test-cases>
    <labels>
        <label name="feature" value="Яндекс Маркет Таск 1"/>
        <label name="language" value="JAVA"/>
    </labels>
</ns2:test-suite>
