<?xml version="1.0" encoding="UTF-8" standalone="yes"?>
<ns2:test-suite start="1519586416228" stop="1519586441944" version="1.5.0" xmlns:ns2="urn:model.allure.qatools.yandex.ru">
    <name>Яндекс Маркет Таск 1</name>
    <description type="text"></description>
    <test-cases>
        <test-case start="1519586416256" stop="1519586441942" status="broken">
            <name>Яндекс Маркет Заполнение формы</name>
            <title>Яндекс Маркет Заполнение формы</title>
            <description type="text"></description>
            <failure>
                <message>WebDriverException: unknown error: keys should be a string
  (Session info: chrome=64.0.3282.167)
  (Driver info: chromedriver=2.35.528161 (5b82f2d2aae0ca24b877009200ced9065a772e73),platform=Windows NT 6.1.7601 SP1 x86_64) (WARNING: The server did not provide any stacktrace information)
Command duration or timeout: 439 milliseconds
Build info: version: '3.4.0', revision: 'unknown', time: 'unknown'
System info: host: 'IVAN_PC', ip: '192.168.56.1', os.name: 'Windows 7', os.arch: 'amd64', os.version: '6.1', java.version: '1.8.0_161'
Driver info: org.openqa.selenium.chrome.ChromeDriver
Capabilities [{applicationCacheEnabled=false, rotatable=false, mobileEmulationEnabled=false, networkConnectionEnabled=false, chrome={chromedriverVersion=2.35.528161 (5b82f2d2aae0ca24b877009200ced9065a772e73), userDataDir=C:\Users\L&amp;VINC~1\AppData\Local\Temp\scoped_dir4880_23975}, takesHeapSnapshot=true, pageLoadStrategy=normal, databaseEnabled=false, handlesAlerts=true, hasTouchScreen=false, version=64.0.3282.167, platform=XP, browserConnectionEnabled=false, nativeEvents=true, acceptSslCerts=false, acceptInsecureCerts=false, locationContextEnabled=true, webStorageEnabled=true, browserName=chrome, takesScreenshot=true, javascriptEnabled=true, cssSelectorsEnabled=true, setWindowRect=true, unexpectedAlertBehaviour=}]
Session ID: 9576a36fa6d7e5c568719714c6f86b20</message>
                <stack-trace>org.openqa.selenium.WebDriverException: unknown error: keys should be a string
  (Session info: chrome=64.0.3282.167)
  (Driver info: chromedriver=2.35.528161 (5b82f2d2aae0ca24b877009200ced9065a772e73),platform=Windows NT 6.1.7601 SP1 x86_64) (WARNING: The server did not provide any stacktrace information)
Command duration or timeout: 439 milliseconds
Build info: version: '3.4.0', revision: 'unknown', time: 'unknown'
System info: host: 'IVAN_PC', ip: '192.168.56.1', os.name: 'Windows 7', os.arch: 'amd64', os.version: '6.1', java.version: '1.8.0_161'
Driver info: org.openqa.selenium.chrome.ChromeDriver
Capabilities [{applicationCacheEnabled=false, rotatable=false, mobileEmulationEnabled=false, networkConnectionEnabled=false, chrome={chromedriverVersion=2.35.528161 (5b82f2d2aae0ca24b877009200ced9065a772e73), userDataDir=C:\Users\L&amp;VINC~1\AppData\Local\Temp\scoped_dir4880_23975}, takesHeapSnapshot=true, pageLoadStrategy=normal, databaseEnabled=false, handlesAlerts=true, hasTouchScreen=false, version=64.0.3282.167, platform=XP, browserConnectionEnabled=false, nativeEvents=true, acceptSslCerts=false, acceptInsecureCerts=false, locationContextEnabled=true, webStorageEnabled=true, browserName=chrome, takesScreenshot=true, javascriptEnabled=true, cssSelectorsEnabled=true, setWindowRect=true, unexpectedAlertBehaviour=}]
Session ID: 9576a36fa6d7e5c568719714c6f86b20
	at sun.reflect.NativeConstructorAccessorImpl.newInstance0(Native Method)
	at sun.reflect.NativeConstructorAccessorImpl.newInstance(NativeConstructorAccessorImpl.java:62)
	at sun.reflect.DelegatingConstructorAccessorImpl.newInstance(DelegatingConstructorAccessorImpl.java:45)
	at java.lang.reflect.Constructor.newInstance(Constructor.java:423)
	at org.openqa.selenium.remote.ErrorHandler.createThrowable(ErrorHandler.java:215)
	at org.openqa.selenium.remote.ErrorHandler.throwIfResponseFailed(ErrorHandler.java:167)
	at org.openqa.selenium.remote.RemoteWebDriver.execute(RemoteWebDriver.java:671)
	at org.openqa.selenium.remote.RemoteWebElement.execute(RemoteWebElement.java:272)
	at org.openqa.selenium.remote.RemoteWebElement.sendKeys(RemoteWebElement.java:96)
	at pages.MarketPage.inputField(MarketPage.java:18)
	at steps.StepsDefinition.insertInSection(StepsDefinition.java:62)
	at ✽.Тогда заполнить в секции "Поиск" поле:(task.feature:20)
</stack-trace>
            </failure>
            <steps>
                <step start="1519586416262" stop="1519586419501" status="passed">
                    <name>Дано открыта страница "https://yandex.ru/"</name>
                    <title>Дано открыта страница "https://yandex.ru/"</title>
                </step>
                <step start="1519586419502" stop="1519586425012" status="passed">
                    <name>Тогда нажать на "Маркет"</name>
                    <title>Тогда нажать на "Маркет"</title>
                </step>
                <step start="1519586425012" stop="1519586432334" status="passed">
                    <name>И нажать на "Электроника"</name>
                    <title>И нажать на "Электроника"</title>
                </step>
                <step start="1519586432335" stop="1519586438582" status="passed">
                    <name>И нажать на "Телевизоры"</name>
                    <title>И нажать на "Телевизоры"</title>
                </step>
                <step start="1519586438583" stop="1519586438945" status="passed">
                    <name>Если заполнить в секции "Цена" поле:</name>
                    <title>Если заполнить в секции "Цена" поле:</title>
                </step>
                <step start="1519586438945" stop="1519586439703" status="passed">
                    <name>И выбрать в секции "Производитель" чек-боксы:</name>
                    <title>И выбрать в секции "Производитель" чек-боксы:</title>
                </step>
                <step start="1519586439703" stop="1519586440072" status="passed">
                    <name>И нажать на "Применить"</name>
                    <title>И нажать на "Применить"</title>
                </step>
                <step start="1519586440072" stop="1519586440131" status="passed">
                    <name>Тогда проверить что элементов на странице "12"</name>
                    <title>Тогда проверить что элементов на странице "12"</title>
                </step>
                <step start="1519586440131" stop="1519586440204" status="passed">
                    <name>Если у первого элемента в списке запомнить "МОДЕЛЬ"</name>
                    <title>Если у первого элемента в списке запомнить "МОДЕЛЬ"</title>
                </step>
                <step start="1519586440204" stop="1519586441938" status="broken">
                    <name>Тогда заполнить в секции "Поиск" поле:</name>
                    <title>Тогда заполнить в секции "Поиск" поле:</title>
                </step>
                <step start="1519586441938" stop="1519586441941" status="canceled">
                    <name>И нажать на "Найти"</name>
                    <title>И нажать на "Найти"</title>
                </step>
                <step start="1519586441941" stop="1519586441941" status="canceled">
                    <name>И проверить что список содержит "МОДЕЛЬ"</name>
                    <title>И проверить что список содержит "МОДЕЛЬ"</title>
                </step>
            </steps>
            <attachments/>
            <labels>
                <label name="story" value="Яндекс Маркет Заполнение формы"/>
                <label name="feature" value="Яндекс Маркет Таск 1"/>
                <label name="host" value="Ivan_PC"/>
                <label name="thread" value="3380@Ivan_PC.main(1)"/>
                <label name="framework" value="CucumberJVM"/>
            </labels>
        </test-case>
    </test-cases>
    <labels>
        <label name="feature" value="Яндекс Маркет Таск 1"/>
        <label name="language" value="JAVA"/>
    </labels>
</ns2:test-suite>
